21-Aug-2017 16:02:40.565 INFO [main] org.apache.catalina.startup.VersionLoggerListener.log Server version:        Apache Tomcat/9.0.0.M26
21-Aug-2017 16:02:40.706 INFO [main] org.apache.catalina.startup.VersionLoggerListener.log Server built:          Aug 2 2017 20:29:05 UTC
21-Aug-2017 16:02:40.707 INFO [main] org.apache.catalina.startup.VersionLoggerListener.log Server number:         9.0.0.0
21-Aug-2017 16:02:40.708 INFO [main] org.apache.catalina.startup.VersionLoggerListener.log OS Name:               Windows 7
21-Aug-2017 16:02:40.709 INFO [main] org.apache.catalina.startup.VersionLoggerListener.log OS Version:            6.1
21-Aug-2017 16:02:40.709 INFO [main] org.apache.catalina.startup.VersionLoggerListener.log Architecture:          amd64
21-Aug-2017 16:02:40.710 INFO [main] org.apache.catalina.startup.VersionLoggerListener.log Java Home:             C:\Program Files\Java\jdk1.8.0_73\jre
21-Aug-2017 16:02:40.710 INFO [main] org.apache.catalina.startup.VersionLoggerListener.log JVM Version:           1.8.0_73-b02
21-Aug-2017 16:02:40.711 INFO [main] org.apache.catalina.startup.VersionLoggerListener.log JVM Vendor:            Oracle Corporation
21-Aug-2017 16:02:40.711 INFO [main] org.apache.catalina.startup.VersionLoggerListener.log CATALINA_BASE:         E:\TSG\Workspace\Application\ProjectSchedular\apache-tomcat-9.0.0.M26
21-Aug-2017 16:02:40.712 INFO [main] org.apache.catalina.startup.VersionLoggerListener.log CATALINA_HOME:         E:\TSG\Workspace\Application\ProjectSchedular\apache-tomcat-9.0.0.M26
21-Aug-2017 16:02:40.713 INFO [main] org.apache.catalina.startup.VersionLoggerListener.log Command line argument: -Djava.util.logging.config.file=E:\TSG\Workspace\Application\ProjectSchedular\apache-tomcat-9.0.0.M26\conf\logging.properties
21-Aug-2017 16:02:40.715 INFO [main] org.apache.catalina.startup.VersionLoggerListener.log Command line argument: -Djava.util.logging.manager=org.apache.juli.ClassLoaderLogManager
21-Aug-2017 16:02:40.716 INFO [main] org.apache.catalina.startup.VersionLoggerListener.log Command line argument: -Djdk.tls.ephemeralDHKeySize=2048
21-Aug-2017 16:02:40.718 INFO [main] org.apache.catalina.startup.VersionLoggerListener.log Command line argument: -Djava.protocol.handler.pkgs=org.apache.catalina.webresources
21-Aug-2017 16:02:40.719 INFO [main] org.apache.catalina.startup.VersionLoggerListener.log Command line argument: -Dcatalina.base=E:\TSG\Workspace\Application\ProjectSchedular\apache-tomcat-9.0.0.M26
21-Aug-2017 16:02:40.719 INFO [main] org.apache.catalina.startup.VersionLoggerListener.log Command line argument: -Dcatalina.home=E:\TSG\Workspace\Application\ProjectSchedular\apache-tomcat-9.0.0.M26
21-Aug-2017 16:02:40.721 INFO [main] org.apache.catalina.startup.VersionLoggerListener.log Command line argument: -Djava.io.tmpdir=E:\TSG\Workspace\Application\ProjectSchedular\apache-tomcat-9.0.0.M26\temp
21-Aug-2017 16:02:40.723 INFO [main] org.apache.catalina.core.AprLifecycleListener.lifecycleEvent Loaded APR based Apache Tomcat Native library [1.2.12] using APR version [1.5.2].
21-Aug-2017 16:02:40.724 INFO [main] org.apache.catalina.core.AprLifecycleListener.lifecycleEvent APR capabilities: IPv6 [true], sendfile [true], accept filters [false], random [true].
21-Aug-2017 16:02:40.725 INFO [main] org.apache.catalina.core.AprLifecycleListener.lifecycleEvent APR/OpenSSL configuration: useAprConnector [false], useOpenSSL [true]
21-Aug-2017 16:02:41.600 INFO [main] org.apache.catalina.core.AprLifecycleListener.initializeSSL OpenSSL successfully initialized [OpenSSL 1.0.2k  26 Jan 2017]
21-Aug-2017 16:02:43.017 INFO [main] org.apache.coyote.AbstractProtocol.init Initializing ProtocolHandler ["http-nio-9999"]
21-Aug-2017 16:02:43.212 INFO [main] org.apache.tomcat.util.net.NioSelectorPool.getSharedSelector Using a shared selector for servlet write/read
21-Aug-2017 16:02:43.219 INFO [main] org.apache.coyote.AbstractProtocol.init Initializing ProtocolHandler ["ajp-nio-8009"]
21-Aug-2017 16:02:43.224 INFO [main] org.apache.tomcat.util.net.NioSelectorPool.getSharedSelector Using a shared selector for servlet write/read
21-Aug-2017 16:02:43.227 INFO [main] org.apache.catalina.startup.Catalina.load Initialization processed in 3919 ms
21-Aug-2017 16:02:43.327 INFO [main] org.apache.catalina.core.StandardService.startInternal Starting service [Catalina]
21-Aug-2017 16:02:43.327 INFO [main] org.apache.catalina.core.StandardEngine.startInternal Starting Servlet Engine: Apache Tomcat/9.0.0.M26
21-Aug-2017 16:02:43.356 INFO [main] org.apache.catalina.startup.HostConfig.deployDirectory Deploying web application directory [E:\TSG\Workspace\Application\ProjectSchedular\apache-tomcat-9.0.0.M26\webapps\docs]
21-Aug-2017 16:02:44.363 WARNING [main] org.apache.catalina.util.SessionIdGeneratorBase.createSecureRandom Creation of SecureRandom instance for session ID generation using [SHA1PRNG] took [391] milliseconds.
21-Aug-2017 16:02:44.391 INFO [main] org.apache.catalina.startup.HostConfig.deployDirectory Deployment of web application directory [E:\TSG\Workspace\Application\ProjectSchedular\apache-tomcat-9.0.0.M26\webapps\docs] has finished in [1,036] ms
21-Aug-2017 16:02:44.391 INFO [main] org.apache.catalina.startup.HostConfig.deployDirectory Deploying web application directory [E:\TSG\Workspace\Application\ProjectSchedular\apache-tomcat-9.0.0.M26\webapps\examples]
21-Aug-2017 16:02:44.904 INFO [main] org.apache.catalina.startup.HostConfig.deployDirectory Deployment of web application directory [E:\TSG\Workspace\Application\ProjectSchedular\apache-tomcat-9.0.0.M26\webapps\examples] has finished in [513] ms
21-Aug-2017 16:02:44.905 INFO [main] org.apache.catalina.startup.HostConfig.deployDirectory Deploying web application directory [E:\TSG\Workspace\Application\ProjectSchedular\apache-tomcat-9.0.0.M26\webapps\host-manager]
21-Aug-2017 16:02:44.986 INFO [main] org.apache.catalina.startup.HostConfig.deployDirectory Deployment of web application directory [E:\TSG\Workspace\Application\ProjectSchedular\apache-tomcat-9.0.0.M26\webapps\host-manager] has finished in [81] ms
21-Aug-2017 16:02:44.991 INFO [main] org.apache.catalina.startup.HostConfig.deployDirectory Deploying web application directory [E:\TSG\Workspace\Application\ProjectSchedular\apache-tomcat-9.0.0.M26\webapps\manager]
21-Aug-2017 16:02:45.029 INFO [main] org.apache.catalina.startup.HostConfig.deployDirectory Deployment of web application directory [E:\TSG\Workspace\Application\ProjectSchedular\apache-tomcat-9.0.0.M26\webapps\manager] has finished in [38] ms
21-Aug-2017 16:02:45.030 INFO [main] org.apache.catalina.startup.HostConfig.deployDirectory Deploying web application directory [E:\TSG\Workspace\Application\ProjectSchedular\apache-tomcat-9.0.0.M26\webapps\ROOT]
21-Aug-2017 16:02:45.058 INFO [main] org.apache.catalina.startup.HostConfig.deployDirectory Deployment of web application directory [E:\TSG\Workspace\Application\ProjectSchedular\apache-tomcat-9.0.0.M26\webapps\ROOT] has finished in [27] ms
21-Aug-2017 16:02:45.064 INFO [main] org.apache.coyote.AbstractProtocol.start Starting ProtocolHandler ["http-nio-9999"]
21-Aug-2017 16:02:45.074 INFO [main] org.apache.coyote.AbstractProtocol.start Starting ProtocolHandler ["ajp-nio-8009"]
21-Aug-2017 16:02:45.080 INFO [main] org.apache.catalina.startup.Catalina.start Server startup in 1853 ms
21-Aug-2017 16:04:09.884 INFO [main] org.apache.catalina.core.StandardServer.await A valid shutdown command was received via the shutdown port. Stopping the Server instance.
21-Aug-2017 16:04:09.885 INFO [main] org.apache.coyote.AbstractProtocol.pause Pausing ProtocolHandler ["http-nio-9999"]
21-Aug-2017 16:04:10.201 INFO [main] org.apache.coyote.AbstractProtocol.pause Pausing ProtocolHandler ["ajp-nio-8009"]
21-Aug-2017 16:04:10.563 INFO [main] org.apache.catalina.core.StandardService.stopInternal Stopping service [Catalina]
21-Aug-2017 16:04:10.681 INFO [main] org.apache.coyote.AbstractProtocol.stop Stopping ProtocolHandler ["http-nio-9999"]
21-Aug-2017 16:04:10.692 INFO [main] org.apache.coyote.AbstractProtocol.stop Stopping ProtocolHandler ["ajp-nio-8009"]
21-Aug-2017 16:04:10.696 INFO [main] org.apache.coyote.AbstractProtocol.destroy Destroying ProtocolHandler ["http-nio-9999"]
21-Aug-2017 16:04:10.698 INFO [main] org.apache.coyote.AbstractProtocol.destroy Destroying ProtocolHandler ["ajp-nio-8009"]
21-Aug-2017 16:04:21.650 INFO [main] org.apache.catalina.startup.VersionLoggerListener.log Server version:        Apache Tomcat/9.0.0.M26
21-Aug-2017 16:04:21.653 INFO [main] org.apache.catalina.startup.VersionLoggerListener.log Server built:          Aug 2 2017 20:29:05 UTC
21-Aug-2017 16:04:21.653 INFO [main] org.apache.catalina.startup.VersionLoggerListener.log Server number:         9.0.0.0
21-Aug-2017 16:04:21.653 INFO [main] org.apache.catalina.startup.VersionLoggerListener.log OS Name:               Windows 7
21-Aug-2017 16:04:21.653 INFO [main] org.apache.catalina.startup.VersionLoggerListener.log OS Version:            6.1
21-Aug-2017 16:04:21.653 INFO [main] org.apache.catalina.startup.VersionLoggerListener.log Architecture:          amd64
21-Aug-2017 16:04:21.653 INFO [main] org.apache.catalina.startup.VersionLoggerListener.log Java Home:             C:\Program Files\Java\jdk1.8.0_73\jre
21-Aug-2017 16:04:21.654 INFO [main] org.apache.catalina.startup.VersionLoggerListener.log JVM Version:           1.8.0_73-b02
21-Aug-2017 16:04:21.654 INFO [main] org.apache.catalina.startup.VersionLoggerListener.log JVM Vendor:            Oracle Corporation
21-Aug-2017 16:04:21.654 INFO [main] org.apache.catalina.startup.VersionLoggerListener.log CATALINA_BASE:         E:\TSG\Workspace\Application\ProjectSchedular\apache-tomcat-9.0.0.M26
21-Aug-2017 16:04:21.654 INFO [main] org.apache.catalina.startup.VersionLoggerListener.log CATALINA_HOME:         E:\TSG\Workspace\Application\ProjectSchedular\apache-tomcat-9.0.0.M26
21-Aug-2017 16:04:21.654 INFO [main] org.apache.catalina.startup.VersionLoggerListener.log Command line argument: -Djava.util.logging.config.file=E:\TSG\Workspace\Application\ProjectSchedular\apache-tomcat-9.0.0.M26\conf\logging.properties
21-Aug-2017 16:04:21.655 INFO [main] org.apache.catalina.startup.VersionLoggerListener.log Command line argument: -Djava.util.logging.manager=org.apache.juli.ClassLoaderLogManager
21-Aug-2017 16:04:21.655 INFO [main] org.apache.catalina.startup.VersionLoggerListener.log Command line argument: -Djdk.tls.ephemeralDHKeySize=2048
21-Aug-2017 16:04:21.655 INFO [main] org.apache.catalina.startup.VersionLoggerListener.log Command line argument: -Djava.protocol.handler.pkgs=org.apache.catalina.webresources
21-Aug-2017 16:04:21.656 INFO [main] org.apache.catalina.startup.VersionLoggerListener.log Command line argument: -Dcatalina.base=E:\TSG\Workspace\Application\ProjectSchedular\apache-tomcat-9.0.0.M26
21-Aug-2017 16:04:21.656 INFO [main] org.apache.catalina.startup.VersionLoggerListener.log Command line argument: -Dcatalina.home=E:\TSG\Workspace\Application\ProjectSchedular\apache-tomcat-9.0.0.M26
21-Aug-2017 16:04:21.657 INFO [main] org.apache.catalina.startup.VersionLoggerListener.log Command line argument: -Djava.io.tmpdir=E:\TSG\Workspace\Application\ProjectSchedular\apache-tomcat-9.0.0.M26\temp
21-Aug-2017 16:04:21.657 INFO [main] org.apache.catalina.core.AprLifecycleListener.lifecycleEvent Loaded APR based Apache Tomcat Native library [1.2.12] using APR version [1.5.2].
21-Aug-2017 16:04:21.658 INFO [main] org.apache.catalina.core.AprLifecycleListener.lifecycleEvent APR capabilities: IPv6 [true], sendfile [true], accept filters [false], random [true].
21-Aug-2017 16:04:21.658 INFO [main] org.apache.catalina.core.AprLifecycleListener.lifecycleEvent APR/OpenSSL configuration: useAprConnector [false], useOpenSSL [true]
21-Aug-2017 16:04:22.491 INFO [main] org.apache.catalina.core.AprLifecycleListener.initializeSSL OpenSSL successfully initialized [OpenSSL 1.0.2k  26 Jan 2017]
21-Aug-2017 16:04:22.625 INFO [main] org.apache.coyote.AbstractProtocol.init Initializing ProtocolHandler ["http-nio-9999"]
21-Aug-2017 16:04:22.651 INFO [main] org.apache.tomcat.util.net.NioSelectorPool.getSharedSelector Using a shared selector for servlet write/read
21-Aug-2017 16:04:22.655 INFO [main] org.apache.coyote.AbstractProtocol.init Initializing ProtocolHandler ["ajp-nio-8009"]
21-Aug-2017 16:04:22.659 INFO [main] org.apache.tomcat.util.net.NioSelectorPool.getSharedSelector Using a shared selector for servlet write/read
21-Aug-2017 16:04:22.659 INFO [main] org.apache.catalina.startup.Catalina.load Initialization processed in 1364 ms
21-Aug-2017 16:04:22.693 INFO [main] org.apache.catalina.core.StandardService.startInternal Starting service [Catalina]
21-Aug-2017 16:04:22.694 INFO [main] org.apache.catalina.core.StandardEngine.startInternal Starting Servlet Engine: Apache Tomcat/9.0.0.M26
21-Aug-2017 16:04:22.704 INFO [main] org.apache.catalina.startup.HostConfig.deployDirectory Deploying web application directory [E:\TSG\Workspace\Application\ProjectSchedular\apache-tomcat-9.0.0.M26\webapps\docs]
21-Aug-2017 16:04:23.322 WARNING [main] org.apache.catalina.util.SessionIdGeneratorBase.createSecureRandom Creation of SecureRandom instance for session ID generation using [SHA1PRNG] took [302] milliseconds.
21-Aug-2017 16:04:23.340 INFO [main] org.apache.catalina.startup.HostConfig.deployDirectory Deployment of web application directory [E:\TSG\Workspace\Application\ProjectSchedular\apache-tomcat-9.0.0.M26\webapps\docs] has finished in [636] ms
21-Aug-2017 16:04:23.340 INFO [main] org.apache.catalina.startup.HostConfig.deployDirectory Deploying web application directory [E:\TSG\Workspace\Application\ProjectSchedular\apache-tomcat-9.0.0.M26\webapps\examples]
21-Aug-2017 16:04:23.745 INFO [main] org.apache.catalina.startup.HostConfig.deployDirectory Deployment of web application directory [E:\TSG\Workspace\Application\ProjectSchedular\apache-tomcat-9.0.0.M26\webapps\examples] has finished in [405] ms
21-Aug-2017 16:04:23.746 INFO [main] org.apache.catalina.startup.HostConfig.deployDirectory Deploying web application directory [E:\TSG\Workspace\Application\ProjectSchedular\apache-tomcat-9.0.0.M26\webapps\host-manager]
21-Aug-2017 16:04:23.784 INFO [main] org.apache.catalina.startup.HostConfig.deployDirectory Deployment of web application directory [E:\TSG\Workspace\Application\ProjectSchedular\apache-tomcat-9.0.0.M26\webapps\host-manager] has finished in [38] ms
21-Aug-2017 16:04:23.785 INFO [main] org.apache.catalina.startup.HostConfig.deployDirectory Deploying web application directory [E:\TSG\Workspace\Application\ProjectSchedular\apache-tomcat-9.0.0.M26\webapps\manager]
21-Aug-2017 16:04:23.816 INFO [main] org.apache.catalina.startup.HostConfig.deployDirectory Deployment of web application directory [E:\TSG\Workspace\Application\ProjectSchedular\apache-tomcat-9.0.0.M26\webapps\manager] has finished in [31] ms
21-Aug-2017 16:04:23.816 INFO [main] org.apache.catalina.startup.HostConfig.deployDirectory Deploying web application directory [E:\TSG\Workspace\Application\ProjectSchedular\apache-tomcat-9.0.0.M26\webapps\ROOT]
21-Aug-2017 16:04:23.845 INFO [main] org.apache.catalina.startup.HostConfig.deployDirectory Deployment of web application directory [E:\TSG\Workspace\Application\ProjectSchedular\apache-tomcat-9.0.0.M26\webapps\ROOT] has finished in [29] ms
21-Aug-2017 16:04:23.849 INFO [main] org.apache.coyote.AbstractProtocol.start Starting ProtocolHandler ["http-nio-9999"]
21-Aug-2017 16:04:23.861 INFO [main] org.apache.coyote.AbstractProtocol.start Starting ProtocolHandler ["ajp-nio-8009"]
21-Aug-2017 16:04:23.865 INFO [main] org.apache.catalina.startup.Catalina.start Server startup in 1205 ms
21-Aug-2017 16:08:54.491 INFO [ContainerBackgroundProcessor[StandardEngine[Catalina]]] org.apache.catalina.startup.HostConfig.deployDirectory Deploying web application directory [E:\TSG\Workspace\Application\ProjectSchedular\apache-tomcat-9.0.0.M26\webapps\Schedular]
21-Aug-2017 16:08:54.634 INFO [ContainerBackgroundProcessor[StandardEngine[Catalina]]] org.apache.catalina.startup.HostConfig.deployDirectory Deployment of web application directory [E:\TSG\Workspace\Application\ProjectSchedular\apache-tomcat-9.0.0.M26\webapps\Schedular] has finished in [143] ms
21-Aug-2017 16:10:55.290 INFO [main] org.apache.catalina.core.StandardServer.await A valid shutdown command was received via the shutdown port. Stopping the Server instance.
21-Aug-2017 16:10:55.291 INFO [main] org.apache.coyote.AbstractProtocol.pause Pausing ProtocolHandler ["http-nio-9999"]
21-Aug-2017 16:10:55.606 INFO [main] org.apache.coyote.AbstractProtocol.pause Pausing ProtocolHandler ["ajp-nio-8009"]
21-Aug-2017 16:10:55.955 INFO [main] org.apache.catalina.core.StandardService.stopInternal Stopping service [Catalina]
21-Aug-2017 16:10:55.999 INFO [main] org.apache.coyote.AbstractProtocol.stop Stopping ProtocolHandler ["http-nio-9999"]
21-Aug-2017 16:10:56.002 INFO [main] org.apache.coyote.AbstractProtocol.stop Stopping ProtocolHandler ["ajp-nio-8009"]
21-Aug-2017 16:10:56.004 INFO [main] org.apache.coyote.AbstractProtocol.destroy Destroying ProtocolHandler ["http-nio-9999"]
21-Aug-2017 16:10:56.005 INFO [main] org.apache.coyote.AbstractProtocol.destroy Destroying ProtocolHandler ["ajp-nio-8009"]
21-Aug-2017 16:11:00.092 INFO [main] org.apache.catalina.startup.VersionLoggerListener.log Server version:        Apache Tomcat/9.0.0.M26
21-Aug-2017 16:11:00.095 INFO [main] org.apache.catalina.startup.VersionLoggerListener.log Server built:          Aug 2 2017 20:29:05 UTC
21-Aug-2017 16:11:00.096 INFO [main] org.apache.catalina.startup.VersionLoggerListener.log Server number:         9.0.0.0
21-Aug-2017 16:11:00.096 INFO [main] org.apache.catalina.startup.VersionLoggerListener.log OS Name:               Windows 7
21-Aug-2017 16:11:00.096 INFO [main] org.apache.catalina.startup.VersionLoggerListener.log OS Version:            6.1
21-Aug-2017 16:11:00.096 INFO [main] org.apache.catalina.startup.VersionLoggerListener.log Architecture:          amd64
21-Aug-2017 16:11:00.097 INFO [main] org.apache.catalina.startup.VersionLoggerListener.log Java Home:             C:\Program Files\Java\jdk1.8.0_73\jre
21-Aug-2017 16:11:00.097 INFO [main] org.apache.catalina.startup.VersionLoggerListener.log JVM Version:           1.8.0_73-b02
21-Aug-2017 16:11:00.097 INFO [main] org.apache.catalina.startup.VersionLoggerListener.log JVM Vendor:            Oracle Corporation
21-Aug-2017 16:11:00.097 INFO [main] org.apache.catalina.startup.VersionLoggerListener.log CATALINA_BASE:         E:\TSG\Workspace\Application\ProjectSchedular\apache-tomcat-9.0.0.M26
21-Aug-2017 16:11:00.097 INFO [main] org.apache.catalina.startup.VersionLoggerListener.log CATALINA_HOME:         E:\TSG\Workspace\Application\ProjectSchedular\apache-tomcat-9.0.0.M26
21-Aug-2017 16:11:00.098 INFO [main] org.apache.catalina.startup.VersionLoggerListener.log Command line argument: -Djava.util.logging.config.file=E:\TSG\Workspace\Application\ProjectSchedular\apache-tomcat-9.0.0.M26\conf\logging.properties
21-Aug-2017 16:11:00.098 INFO [main] org.apache.catalina.startup.VersionLoggerListener.log Command line argument: -Djava.util.logging.manager=org.apache.juli.ClassLoaderLogManager
21-Aug-2017 16:11:00.098 INFO [main] org.apache.catalina.startup.VersionLoggerListener.log Command line argument: -Djdk.tls.ephemeralDHKeySize=2048
21-Aug-2017 16:11:00.099 INFO [main] org.apache.catalina.startup.VersionLoggerListener.log Command line argument: -Djava.protocol.handler.pkgs=org.apache.catalina.webresources
21-Aug-2017 16:11:00.100 INFO [main] org.apache.catalina.startup.VersionLoggerListener.log Command line argument: -Dcatalina.base=E:\TSG\Workspace\Application\ProjectSchedular\apache-tomcat-9.0.0.M26
21-Aug-2017 16:11:00.100 INFO [main] org.apache.catalina.startup.VersionLoggerListener.log Command line argument: -Dcatalina.home=E:\TSG\Workspace\Application\ProjectSchedular\apache-tomcat-9.0.0.M26
21-Aug-2017 16:11:00.101 INFO [main] org.apache.catalina.startup.VersionLoggerListener.log Command line argument: -Djava.io.tmpdir=E:\TSG\Workspace\Application\ProjectSchedular\apache-tomcat-9.0.0.M26\temp
21-Aug-2017 16:11:00.101 INFO [main] org.apache.catalina.core.AprLifecycleListener.lifecycleEvent Loaded APR based Apache Tomcat Native library [1.2.12] using APR version [1.5.2].
21-Aug-2017 16:11:00.102 INFO [main] org.apache.catalina.core.AprLifecycleListener.lifecycleEvent APR capabilities: IPv6 [true], sendfile [true], accept filters [false], random [true].
21-Aug-2017 16:11:00.102 INFO [main] org.apache.catalina.core.AprLifecycleListener.lifecycleEvent APR/OpenSSL configuration: useAprConnector [false], useOpenSSL [true]
21-Aug-2017 16:11:00.933 INFO [main] org.apache.catalina.core.AprLifecycleListener.initializeSSL OpenSSL successfully initialized [OpenSSL 1.0.2k  26 Jan 2017]
21-Aug-2017 16:11:01.074 INFO [main] org.apache.coyote.AbstractProtocol.init Initializing ProtocolHandler ["http-nio-9999"]
21-Aug-2017 16:11:01.103 INFO [main] org.apache.tomcat.util.net.NioSelectorPool.getSharedSelector Using a shared selector for servlet write/read
21-Aug-2017 16:11:01.106 INFO [main] org.apache.coyote.AbstractProtocol.init Initializing ProtocolHandler ["ajp-nio-8009"]
21-Aug-2017 16:11:01.109 INFO [main] org.apache.tomcat.util.net.NioSelectorPool.getSharedSelector Using a shared selector for servlet write/read
21-Aug-2017 16:11:01.110 INFO [main] org.apache.catalina.startup.Catalina.load Initialization processed in 1384 ms
21-Aug-2017 16:11:01.144 INFO [main] org.apache.catalina.core.StandardService.startInternal Starting service [Catalina]
21-Aug-2017 16:11:01.145 INFO [main] org.apache.catalina.core.StandardEngine.startInternal Starting Servlet Engine: Apache Tomcat/9.0.0.M26
21-Aug-2017 16:11:01.154 INFO [main] org.apache.catalina.startup.HostConfig.deployDirectory Deploying web application directory [E:\TSG\Workspace\Application\ProjectSchedular\apache-tomcat-9.0.0.M26\webapps\docs]
21-Aug-2017 16:11:01.748 WARNING [main] org.apache.catalina.util.SessionIdGeneratorBase.createSecureRandom Creation of SecureRandom instance for session ID generation using [SHA1PRNG] took [297] milliseconds.
21-Aug-2017 16:11:01.765 INFO [main] org.apache.catalina.startup.HostConfig.deployDirectory Deployment of web application directory [E:\TSG\Workspace\Application\ProjectSchedular\apache-tomcat-9.0.0.M26\webapps\docs] has finished in [611] ms
21-Aug-2017 16:11:01.766 INFO [main] org.apache.catalina.startup.HostConfig.deployDirectory Deploying web application directory [E:\TSG\Workspace\Application\ProjectSchedular\apache-tomcat-9.0.0.M26\webapps\examples]
21-Aug-2017 16:11:02.170 INFO [main] org.apache.catalina.startup.HostConfig.deployDirectory Deployment of web application directory [E:\TSG\Workspace\Application\ProjectSchedular\apache-tomcat-9.0.0.M26\webapps\examples] has finished in [403] ms
21-Aug-2017 16:11:02.171 INFO [main] org.apache.catalina.startup.HostConfig.deployDirectory Deploying web application directory [E:\TSG\Workspace\Application\ProjectSchedular\apache-tomcat-9.0.0.M26\webapps\host-manager]
21-Aug-2017 16:11:02.210 INFO [main] org.apache.catalina.startup.HostConfig.deployDirectory Deployment of web application directory [E:\TSG\Workspace\Application\ProjectSchedular\apache-tomcat-9.0.0.M26\webapps\host-manager] has finished in [39] ms
21-Aug-2017 16:11:02.210 INFO [main] org.apache.catalina.startup.HostConfig.deployDirectory Deploying web application directory [E:\TSG\Workspace\Application\ProjectSchedular\apache-tomcat-9.0.0.M26\webapps\manager]
21-Aug-2017 16:11:02.239 INFO [main] org.apache.catalina.startup.HostConfig.deployDirectory Deployment of web application directory [E:\TSG\Workspace\Application\ProjectSchedular\apache-tomcat-9.0.0.M26\webapps\manager] has finished in [29] ms
21-Aug-2017 16:11:02.240 INFO [main] org.apache.catalina.startup.HostConfig.deployDirectory Deploying web application directory [E:\TSG\Workspace\Application\ProjectSchedular\apache-tomcat-9.0.0.M26\webapps\ROOT]
21-Aug-2017 16:11:02.266 INFO [main] org.apache.catalina.startup.HostConfig.deployDirectory Deployment of web application directory [E:\TSG\Workspace\Application\ProjectSchedular\apache-tomcat-9.0.0.M26\webapps\ROOT] has finished in [26] ms
21-Aug-2017 16:11:02.267 INFO [main] org.apache.catalina.startup.HostConfig.deployDirectory Deploying web application directory [E:\TSG\Workspace\Application\ProjectSchedular\apache-tomcat-9.0.0.M26\webapps\Schedular]
21-Aug-2017 16:11:02.300 INFO [main] org.apache.catalina.startup.HostConfig.deployDirectory Deployment of web application directory [E:\TSG\Workspace\Application\ProjectSchedular\apache-tomcat-9.0.0.M26\webapps\Schedular] has finished in [33] ms
21-Aug-2017 16:11:02.304 INFO [main] org.apache.coyote.AbstractProtocol.start Starting ProtocolHandler ["http-nio-9999"]
21-Aug-2017 16:11:02.315 INFO [main] org.apache.coyote.AbstractProtocol.start Starting ProtocolHandler ["ajp-nio-8009"]
21-Aug-2017 16:11:02.320 INFO [main] org.apache.catalina.startup.Catalina.start Server startup in 1209 ms
21-Aug-2017 16:34:47.783 INFO [Thread-5] org.apache.coyote.AbstractProtocol.pause Pausing ProtocolHandler ["http-nio-9999"]
